<?xml version='1.0' encoding='UTF-8'?>
<testsuite hostname="LUK-5Q7PLC2" name="CafeMenuSpec" tests="28" errors="0" failures="0" skipped="0" time="0.033" timestamp="2019-01-24T11:26:12">
                     <properties>
[...]
</properties>
                     <testcase classname="CafeMenuSpec" name="Get Item name of MenuItems should be called Cola" time="0.027">
                                                 
                                               </testcase><testcase classname="CafeMenuSpec" name="Get Item name of MenuItems should be called Coffee" time="0.0">
                                                 
                                               </testcase><testcase classname="CafeMenuSpec" name="Get Item name of MenuItems should be called Cheese Sandwich" time="0.0">
                                                 
                                               </testcase><testcase classname="CafeMenuSpec" name="Get Item name of MenuItems should be called Steak Sandwich" time="0.0">
                                                 
                                               </testcase><testcase classname="CafeMenuSpec" name="Price of Item should Cola price should be 50p" time="0.0">
                                                 
                                               </testcase><testcase classname="CafeMenuSpec" name="Price of Item should Coffee price should be £1" time="0.0">
                                                 
                                               </testcase><testcase classname="CafeMenuSpec" name="Price of Item should Cheese Sandwich price should be £2" time="0.0">
                                                 
                                               </testcase><testcase classname="CafeMenuSpec" name="50" time="0.0">
                                                 
                                               </testcase><testcase classname="CafeMenuSpec" name="Item is hot should be false for Cola" time="0.0">
                                                 
                                               </testcase><testcase classname="CafeMenuSpec" name="Item is hot should be true for Coffee" time="0.0">
                                                 
                                               </testcase><testcase classname="CafeMenuSpec" name="Item is hot should be false for Cheese Sandwich" time="0.0">
                                                 
                                               </testcase><testcase classname="CafeMenuSpec" name="Item is hot should be true for Steak Sandwich" time="0.0">
                                                 
                                               </testcase><testcase classname="CafeMenuSpec" name="Item is food should be false for Cola" time="0.0">
                                                 
                                               </testcase><testcase classname="CafeMenuSpec" name="Item is food should be false for Coffee" time="0.001">
                                                 
                                               </testcase><testcase classname="CafeMenuSpec" name="Item is food should be true for Cheese Sandwich" time="0.001">
                                                 
                                               </testcase><testcase classname="CafeMenuSpec" name="Item is food should be true for Steak Sandwich" time="0.001">
                                                 
                                               </testcase><testcase classname="CafeMenuSpec" name="The total of items should cost £8" time="0.002">
                                                 
                                               </testcase><testcase classname="CafeMenuSpec" name="50" time="0.0">
                                                 
                                               </testcase><testcase classname="CafeMenuSpec" name="50" time="0.001">
                                                 
                                               </testcase><testcase classname="CafeMenuSpec" name="50" time="0.0">
                                                 
                                               </testcase><testcase classname="CafeMenuSpec" name="if the service charge is more than 20 pounds, there should be a cap set, return the max of £20" time="0.0">
                                                 
                                               </testcase><testcase classname="CafeMenuSpec" name="if the service charge is equal to £20 there should be a cap set of £20 for the service charge" time="0.0">
                                                 
                                               </testcase><testcase classname="CafeMenuSpec" name="if the service charge is less than £20 there should be a returned value of the service charge" time="0.0">
                                                 
                                               </testcase><testcase classname="CafeMenuSpec" name="if items only contain drinks there should be no service charge when drinks are included in the list" time="0.0">
                                                 
                                               </testcase><testcase classname="CafeMenuSpec" name="if items contain only hot food there should be a 20 % service charge added to the total cost where the service charge is under the cap limit of £20" time="0.0">
                                                 
                                               </testcase><testcase classname="CafeMenuSpec" name="if items contain only cold food there  should be a 10% service charge added to the total cost where the service charge is under the cap limit of £20" time="0.0">
                                                 
                                               </testcase><testcase classname="CafeMenuSpec" name="if items contain a combination of drinks and cold food there  should be a 10% service charge added to the total cost where the service charge is under the cap limit of £20" time="0.0">
                                                 
                                               </testcase><testcase classname="CafeMenuSpec" name="if items contain a combination of drinks and hot food there should be a 20% service charge added to the total cost where the service charge is under the cap limit of £20" time="0.0">
                                                 
                                               </testcase>
                     <system-out><![CDATA[]]></system-out>
                     <system-err><![CDATA[]]></system-err>
                   </testsuite>